<?xml version="1.0" encoding="UTF-8"?>
<testng-results ignored="0" total="1" passed="1" failed="0" skipped="0">
  <reporter-output>
  </reporter-output>
  <suite started-at="2024-10-18T10:50:50 IST" name="Suite" finished-at="2024-10-18T10:51:22 IST" duration-ms="32162">
    <groups>
    </groups>
    <test started-at="2024-10-18T10:50:50 IST" name="Test" finished-at="2024-10-18T10:51:22 IST" duration-ms="32162">
      <class name="ecommerece.Amazon">
        <test-method is-config="true" signature="preCondition()[pri:0, instance:ecommerece.Amazon@55634720]" started-at="2024-10-18T10:50:50 IST" name="preCondition" finished-at="2024-10-18T10:51:04 IST" duration-ms="14485" status="PASS">
          <reporter-output>
          </reporter-output>
        </test-method> <!-- preCondition -->
        <test-method signature="shopping()[pri:0, instance:ecommerece.Amazon@55634720]" started-at="2024-10-18T10:51:04 IST" name="shopping" finished-at="2024-10-18T10:51:22 IST" duration-ms="17257" status="PASS">
          <reporter-output>
          </reporter-output>
        </test-method> <!-- shopping -->
        <test-method is-config="true" signature="postCondition()[pri:0, instance:ecommerece.Amazon@55634720]" started-at="2024-10-18T10:51:22 IST" name="postCondition" finished-at="2024-10-18T10:51:22 IST" duration-ms="377" status="PASS">
          <reporter-output>
          </reporter-output>
        </test-method> <!-- postCondition -->
      </class> <!-- ecommerece.Amazon -->
    </test> <!-- Test -->
  </suite> <!-- Suite -->
</testng-results>
